<?xml version="1.0" encoding="UTF-8"?>
<!-- Generated by org.testng.reporters.JUnitXMLReporter -->
<testsuite ignored="0" hostname="DESKTOP-LCB9JBM" failures="0" tests="7" name="Default test" time="14.066" errors="0" timestamp="2023-03-03T08:45:36 IST">
  <testcase classname="TestCasesPackage.TC_register_001" name="reg" time="0.898"/>
  <testcase classname="TestCasesPackage.TC_register_001" name="lang" time="0.245"/>
  <testcase classname="TestCasesPackage.TC_register_001" name="skilldrop" time="0.169"/>
  <testcase classname="TestCasesPackage.TC_register_001" name="country" time="0.255"/>
  <testcase classname="TestCasesPackage.TC_register_001" name="dob" time="0.532"/>
  <testcase classname="TestCasesPackage.TC_register_001" name="passwordfun" time="0.164"/>
  <testcase classname="TestCasesPackage.TC_register_001" name="fileupload" time="0.056"/>
</testsuite> <!-- Default test -->
