<?xml version="1.0" encoding="UTF-8"?>
<!-- Generated by org.testng.reporters.JUnitXMLReporter -->
<testsuite ignored="0" hostname="DESKTOP-LCB9JBM" failures="0" tests="7" name="Test" time="9.319" errors="0" timestamp="2023-03-03T10:00:43 IST">
  <testcase classname="TestCasesPackage.TC_register_001" name="reg" time="0.805"/>
  <testcase classname="TestCasesPackage.TC_register_001" name="lang" time="0.251"/>
  <testcase classname="TestCasesPackage.TC_register_001" name="skilldrop" time="0.226"/>
  <testcase classname="TestCasesPackage.TC_register_001" name="country" time="0.294"/>
  <testcase classname="TestCasesPackage.TC_register_001" name="dob" time="0.608"/>
  <testcase classname="TestCasesPackage.TC_register_001" name="passwordfun" time="0.244"/>
  <testcase classname="TestCasesPackage.TC_register_001" name="fileupload" time="0.09"/>
</testsuite> <!-- Test -->
